time="2022-10-05T18:20:31+03:00" level=info msg="config initializing..." func="main.main()" file="main.go : 27"
time="2022-10-05T18:20:31+03:00" level=info msg="initializing .yml file" func="github.com/zh0vtyj/allincecup-server/internal/config.GetConfig.func1()" file="config.go : 50"
time="2022-10-05T18:20:31+03:00" level=info msg="initializing .env file" func="github.com/zh0vtyj/allincecup-server/internal/config.GetConfig.func1()" file="config.go : 56"
time="2022-10-05T18:20:31+03:00" level=info msg="storage initializing..." func="main.main()" file="main.go : 30"
time="2022-10-05T18:20:31+03:00" level=info msg="repository initializing..." func="main.main()" file="main.go : 36"
time="2022-10-05T18:20:31+03:00" level=info msg="service initializing..." func="main.main()" file="main.go : 39"
time="2022-10-05T18:20:31+03:00" level=info msg="handler initializing..." func="main.main()" file="main.go : 42"
time="2022-10-05T18:20:31+03:00" level=info msg="running the server..." func="main.main()" file="main.go : 45"
time="2022-10-05T18:22:27+03:00" level=info msg="config initializing..." func="main.main()" file="main.go : 27"
time="2022-10-05T18:22:27+03:00" level=info msg="initializing .yml file" func="github.com/zh0vtyj/allincecup-server/internal/config.GetConfig.func1()" file="config.go : 50"
time="2022-10-05T18:22:27+03:00" level=info msg="initializing .env file" func="github.com/zh0vtyj/allincecup-server/internal/config.GetConfig.func1()" file="config.go : 56"
time="2022-10-05T18:22:27+03:00" level=info msg="storage initializing..." func="main.main()" file="main.go : 30"
time="2022-10-05T18:22:52+03:00" level=info msg="config initializing..." func="main.main()" file="main.go : 27"
time="2022-10-05T18:22:52+03:00" level=info msg="initializing .yml file" func="github.com/zh0vtyj/allincecup-server/internal/config.GetConfig.func1()" file="config.go : 50"
time="2022-10-05T18:22:52+03:00" level=info msg="initializing .env file" func="github.com/zh0vtyj/allincecup-server/internal/config.GetConfig.func1()" file="config.go : 56"
time="2022-10-05T18:22:52+03:00" level=info msg="storage initializing..." func="main.main()" file="main.go : 30"
time="2022-10-05T20:52:46+03:00" level=info msg="config initializing..." func="main.main()" file="main.go : 27"
time="2022-10-05T20:52:46+03:00" level=info msg="initializing .yml file" func="github.com/zh0vtyj/allincecup-server/internal/config.GetConfig.func1()" file="config.go : 50"
time="2022-10-05T20:52:46+03:00" level=info msg="initializing .env file" func="github.com/zh0vtyj/allincecup-server/internal/config.GetConfig.func1()" file="config.go : 56"
time="2022-10-05T20:52:46+03:00" level=info msg="storage initializing..." func="main.main()" file="main.go : 30"
time="2022-10-05T20:52:46+03:00" level=info msg="repository initializing..." func="main.main()" file="main.go : 36"
time="2022-10-05T20:52:46+03:00" level=info msg="service initializing..." func="main.main()" file="main.go : 39"
time="2022-10-05T20:52:46+03:00" level=info msg="handler initializing..." func="main.main()" file="main.go : 42"
time="2022-10-05T20:52:46+03:00" level=info msg="running the server..." func="main.main()" file="main.go : 45"
time="2022-10-05T20:57:40+03:00" level=info msg="config initializing..." func="main.main()" file="main.go : 27"
time="2022-10-05T20:57:40+03:00" level=info msg="initializing .yml file" func="github.com/zh0vtyj/allincecup-server/internal/config.GetConfig.func1()" file="config.go : 50"
time="2022-10-05T20:57:40+03:00" level=info msg="initializing .env file" func="github.com/zh0vtyj/allincecup-server/internal/config.GetConfig.func1()" file="config.go : 56"
time="2022-10-05T20:57:40+03:00" level=info msg="storage initializing..." func="main.main()" file="main.go : 30"
time="2022-10-05T20:57:40+03:00" level=info msg="repository initializing..." func="main.main()" file="main.go : 36"
time="2022-10-05T20:57:40+03:00" level=info msg="service initializing..." func="main.main()" file="main.go : 39"
time="2022-10-05T20:57:40+03:00" level=info msg="handler initializing..." func="main.main()" file="main.go : 42"
time="2022-10-05T20:57:40+03:00" level=info msg="running the server..." func="main.main()" file="main.go : 45"
time="2022-10-05T20:58:02+03:00" level=info msg="config initializing..." func="main.main()" file="main.go : 27"
time="2022-10-05T20:58:02+03:00" level=info msg="initializing .yml file" func="github.com/zh0vtyj/allincecup-server/internal/config.GetConfig.func1()" file="config.go : 50"
time="2022-10-05T20:58:02+03:00" level=info msg="initializing .env file" func="github.com/zh0vtyj/allincecup-server/internal/config.GetConfig.func1()" file="config.go : 56"
time="2022-10-05T20:58:02+03:00" level=info msg="storage initializing..." func="main.main()" file="main.go : 30"
time="2022-10-05T20:58:02+03:00" level=info msg="repository initializing..." func="main.main()" file="main.go : 36"
time="2022-10-05T20:58:02+03:00" level=info msg="service initializing..." func="main.main()" file="main.go : 39"
time="2022-10-05T20:58:02+03:00" level=info msg="handler initializing..." func="main.main()" file="main.go : 42"
time="2022-10-05T20:58:02+03:00" level=info msg="running the server..." func="main.main()" file="main.go : 45"
time="2022-10-05T20:58:59+03:00" level=info msg="config initializing..." func="main.main()" file="main.go : 27"
time="2022-10-05T20:58:59+03:00" level=info msg="initializing .yml file" func="github.com/zh0vtyj/allincecup-server/internal/config.GetConfig.func1()" file="config.go : 50"
time="2022-10-05T20:58:59+03:00" level=info msg="initializing .env file" func="github.com/zh0vtyj/allincecup-server/internal/config.GetConfig.func1()" file="config.go : 56"
time="2022-10-05T20:58:59+03:00" level=info msg="storage initializing..." func="main.main()" file="main.go : 30"
time="2022-10-05T20:58:59+03:00" level=info msg="repository initializing..." func="main.main()" file="main.go : 36"
time="2022-10-05T20:58:59+03:00" level=info msg="service initializing..." func="main.main()" file="main.go : 39"
time="2022-10-05T20:58:59+03:00" level=info msg="handler initializing..." func="main.main()" file="main.go : 42"
time="2022-10-05T20:58:59+03:00" level=info msg="running the server..." func="main.main()" file="main.go : 45"
time="2022-10-05T21:01:09+03:00" level=info msg="config initializing..." func="main.main()" file="main.go : 27"
time="2022-10-05T21:01:09+03:00" level=info msg="initializing .yml file" func="github.com/zh0vtyj/allincecup-server/internal/config.GetConfig.func1()" file="config.go : 50"
time="2022-10-05T21:01:09+03:00" level=info msg="initializing .env file" func="github.com/zh0vtyj/allincecup-server/internal/config.GetConfig.func1()" file="config.go : 56"
time="2022-10-05T21:01:09+03:00" level=info msg="storage initializing..." func="main.main()" file="main.go : 30"
time="2022-10-05T21:01:09+03:00" level=info msg="repository initializing..." func="main.main()" file="main.go : 36"
time="2022-10-05T21:01:09+03:00" level=info msg="service initializing..." func="main.main()" file="main.go : 39"
time="2022-10-05T21:01:09+03:00" level=info msg="handler initializing..." func="main.main()" file="main.go : 42"
time="2022-10-05T21:01:09+03:00" level=info msg="running the server..." func="main.main()" file="main.go : 45"
time="2022-10-05T21:01:50+03:00" level=info msg="config initializing..." func="main.main()" file="main.go : 27"
time="2022-10-05T21:01:50+03:00" level=info msg="initializing .yml file" func="github.com/zh0vtyj/allincecup-server/internal/config.GetConfig.func1()" file="config.go : 50"
time="2022-10-05T21:01:50+03:00" level=info msg="initializing .env file" func="github.com/zh0vtyj/allincecup-server/internal/config.GetConfig.func1()" file="config.go : 56"
time="2022-10-05T21:01:50+03:00" level=info msg="storage initializing..." func="main.main()" file="main.go : 30"
time="2022-10-05T21:01:50+03:00" level=info msg="repository initializing..." func="main.main()" file="main.go : 36"
time="2022-10-05T21:01:50+03:00" level=info msg="service initializing..." func="main.main()" file="main.go : 39"
time="2022-10-05T21:01:50+03:00" level=info msg="handler initializing..." func="main.main()" file="main.go : 42"
time="2022-10-05T21:01:50+03:00" level=info msg="running the server..." func="main.main()" file="main.go : 45"
time="2022-10-05T21:04:53+03:00" level=info msg="config initializing..." func="main.main()" file="main.go : 27"
time="2022-10-05T21:04:53+03:00" level=info msg="initializing .yml file" func="github.com/zh0vtyj/allincecup-server/internal/config.GetConfig.func1()" file="config.go : 50"
time="2022-10-05T21:04:53+03:00" level=info msg="initializing .env file" func="github.com/zh0vtyj/allincecup-server/internal/config.GetConfig.func1()" file="config.go : 56"
time="2022-10-05T21:04:53+03:00" level=info msg="storage initializing..." func="main.main()" file="main.go : 30"
time="2022-10-05T21:04:53+03:00" level=info msg="repository initializing..." func="main.main()" file="main.go : 36"
time="2022-10-05T21:04:53+03:00" level=info msg="service initializing..." func="main.main()" file="main.go : 39"
time="2022-10-05T21:04:53+03:00" level=info msg="handler initializing..." func="main.main()" file="main.go : 42"
time="2022-10-05T21:04:53+03:00" level=info msg="running the server..." func="main.main()" file="main.go : 45"
time="2022-10-05T21:05:46+03:00" level=info msg="config initializing..." func="main.main()" file="main.go : 27"
time="2022-10-05T21:05:46+03:00" level=info msg="initializing .yml file" func="github.com/zh0vtyj/allincecup-server/internal/config.GetConfig.func1()" file="config.go : 50"
time="2022-10-05T21:05:46+03:00" level=info msg="initializing .env file" func="github.com/zh0vtyj/allincecup-server/internal/config.GetConfig.func1()" file="config.go : 56"
time="2022-10-05T21:05:46+03:00" level=info msg="storage initializing..." func="main.main()" file="main.go : 30"
time="2022-10-05T21:05:46+03:00" level=info msg="repository initializing..." func="main.main()" file="main.go : 36"
time="2022-10-05T21:05:46+03:00" level=info msg="service initializing..." func="main.main()" file="main.go : 39"
time="2022-10-05T21:05:46+03:00" level=info msg="handler initializing..." func="main.main()" file="main.go : 42"
time="2022-10-05T21:05:46+03:00" level=info msg="running the server..." func="main.main()" file="main.go : 45"
time="2022-10-06T17:42:50+03:00" level=info msg="config initializing..." func="main.main()" file="main.go : 27"
time="2022-10-06T17:42:50+03:00" level=info msg="initializing .yml file" func="github.com/zh0vtyj/allincecup-server/internal/config.GetConfig.func1()" file="config.go : 50"
time="2022-10-06T17:42:50+03:00" level=info msg="initializing .env file" func="github.com/zh0vtyj/allincecup-server/internal/config.GetConfig.func1()" file="config.go : 56"
time="2022-10-06T17:42:50+03:00" level=info msg="storage initializing..." func="main.main()" file="main.go : 30"
time="2022-10-06T17:42:50+03:00" level=info msg="repository initializing..." func="main.main()" file="main.go : 36"
time="2022-10-06T17:42:50+03:00" level=info msg="service initializing..." func="main.main()" file="main.go : 39"
time="2022-10-06T17:42:50+03:00" level=info msg="handler initializing..." func="main.main()" file="main.go : 42"
time="2022-10-06T17:42:50+03:00" level=info msg="running the server..." func="main.main()" file="main.go : 45"
time="2022-10-06T18:14:04+03:00" level=info msg="config initializing..." func="main.main()" file="main.go : 27"
time="2022-10-06T18:14:04+03:00" level=info msg="initializing .yml file" func="github.com/zh0vtyj/allincecup-server/internal/config.GetConfig.func1()" file="config.go : 50"
time="2022-10-06T18:14:04+03:00" level=info msg="initializing .env file" func="github.com/zh0vtyj/allincecup-server/internal/config.GetConfig.func1()" file="config.go : 56"
time="2022-10-06T18:14:04+03:00" level=info msg="storage initializing..." func="main.main()" file="main.go : 30"
time="2022-10-06T18:14:04+03:00" level=info msg="repository initializing..." func="main.main()" file="main.go : 36"
time="2022-10-06T18:14:04+03:00" level=info msg="service initializing..." func="main.main()" file="main.go : 39"
time="2022-10-06T18:14:04+03:00" level=info msg="handler initializing..." func="main.main()" file="main.go : 42"
time="2022-10-06T18:14:04+03:00" level=info msg="running the server..." func="main.main()" file="main.go : 45"
time="2022-10-06T19:09:42+03:00" level=info msg="config initializing..." func="main.main()" file="main.go : 27"
time="2022-10-06T19:09:42+03:00" level=info msg="initializing .yml file" func="github.com/zh0vtyj/allincecup-server/internal/config.GetConfig.func1()" file="config.go : 50"
time="2022-10-06T19:09:42+03:00" level=info msg="initializing .env file" func="github.com/zh0vtyj/allincecup-server/internal/config.GetConfig.func1()" file="config.go : 56"
time="2022-10-06T19:09:42+03:00" level=info msg="storage initializing..." func="main.main()" file="main.go : 30"
time="2022-10-06T19:09:42+03:00" level=info msg="repository initializing..." func="main.main()" file="main.go : 36"
time="2022-10-06T19:09:42+03:00" level=info msg="service initializing..." func="main.main()" file="main.go : 39"
time="2022-10-06T19:09:42+03:00" level=info msg="handler initializing..." func="main.main()" file="main.go : 42"
time="2022-10-06T19:09:42+03:00" level=info msg="running the server..." func="main.main()" file="main.go : 45"
time="2022-10-06T19:11:56+03:00" level=info msg="config initializing..." func="main.main()" file="main.go : 27"
time="2022-10-06T19:11:56+03:00" level=info msg="initializing .yml file" func="github.com/zh0vtyj/allincecup-server/internal/config.GetConfig.func1()" file="config.go : 50"
time="2022-10-06T19:11:56+03:00" level=info msg="initializing .env file" func="github.com/zh0vtyj/allincecup-server/internal/config.GetConfig.func1()" file="config.go : 56"
time="2022-10-06T19:11:56+03:00" level=info msg="storage initializing..." func="main.main()" file="main.go : 30"
time="2022-10-06T19:11:56+03:00" level=info msg="repository initializing..." func="main.main()" file="main.go : 36"
time="2022-10-06T19:11:56+03:00" level=info msg="service initializing..." func="main.main()" file="main.go : 39"
time="2022-10-06T19:11:56+03:00" level=info msg="handler initializing..." func="main.main()" file="main.go : 42"
time="2022-10-06T19:11:56+03:00" level=info msg="running the server..." func="main.main()" file="main.go : 45"
time="2022-10-06T19:23:41+03:00" level=info msg="config initializing..." func="main.main()" file="main.go : 27"
time="2022-10-06T19:23:41+03:00" level=info msg="initializing .yml file" func="github.com/zh0vtyj/allincecup-server/internal/config.GetConfig.func1()" file="config.go : 50"
time="2022-10-06T19:23:41+03:00" level=info msg="initializing .env file" func="github.com/zh0vtyj/allincecup-server/internal/config.GetConfig.func1()" file="config.go : 56"
time="2022-10-06T19:23:41+03:00" level=info msg="storage initializing..." func="main.main()" file="main.go : 30"
time="2022-10-06T19:23:41+03:00" level=info msg="repository initializing..." func="main.main()" file="main.go : 36"
time="2022-10-06T19:23:41+03:00" level=info msg="service initializing..." func="main.main()" file="main.go : 39"
time="2022-10-06T19:23:41+03:00" level=info msg="handler initializing..." func="main.main()" file="main.go : 42"
time="2022-10-06T19:23:41+03:00" level=info msg="running the server..." func="main.main()" file="main.go : 45"
time="2022-10-06T19:25:54+03:00" level=info msg="config initializing..." func="main.main()" file="main.go : 27"
time="2022-10-06T19:25:54+03:00" level=info msg="initializing .yml file" func="github.com/zh0vtyj/allincecup-server/internal/config.GetConfig.func1()" file="config.go : 50"
time="2022-10-06T19:25:54+03:00" level=info msg="initializing .env file" func="github.com/zh0vtyj/allincecup-server/internal/config.GetConfig.func1()" file="config.go : 56"
time="2022-10-06T19:25:54+03:00" level=info msg="storage initializing..." func="main.main()" file="main.go : 30"
time="2022-10-06T19:25:54+03:00" level=info msg="repository initializing..." func="main.main()" file="main.go : 36"
time="2022-10-06T19:25:54+03:00" level=info msg="service initializing..." func="main.main()" file="main.go : 39"
time="2022-10-06T19:25:54+03:00" level=info msg="handler initializing..." func="main.main()" file="main.go : 42"
time="2022-10-06T19:25:54+03:00" level=info msg="running the server..." func="main.main()" file="main.go : 45"
time="2022-10-06T19:55:36+03:00" level=info msg="config initializing..." func="main.main()" file="main.go : 27"
time="2022-10-06T19:55:36+03:00" level=info msg="initializing .yml file" func="github.com/zh0vtyj/allincecup-server/internal/config.GetConfig.func1()" file="config.go : 50"
time="2022-10-06T19:55:36+03:00" level=info msg="initializing .env file" func="github.com/zh0vtyj/allincecup-server/internal/config.GetConfig.func1()" file="config.go : 56"
time="2022-10-06T19:55:36+03:00" level=info msg="storage initializing..." func="main.main()" file="main.go : 30"
time="2022-10-06T19:55:36+03:00" level=info msg="repository initializing..." func="main.main()" file="main.go : 36"
time="2022-10-06T19:55:36+03:00" level=info msg="service initializing..." func="main.main()" file="main.go : 39"
time="2022-10-06T19:55:36+03:00" level=info msg="handler initializing..." func="main.main()" file="main.go : 42"
time="2022-10-06T19:55:36+03:00" level=info msg="running the server..." func="main.main()" file="main.go : 45"
time="2022-10-08T19:50:33+03:00" level=info msg="config initializing..." func="main.main()" file="main.go : 27"
time="2022-10-08T19:50:33+03:00" level=info msg="initializing .yml file" func="github.com/zh0vtyj/allincecup-server/internal/config.GetConfig.func1()" file="config.go : 50"
time="2022-10-08T19:50:33+03:00" level=info msg="initializing .env file" func="github.com/zh0vtyj/allincecup-server/internal/config.GetConfig.func1()" file="config.go : 56"
time="2022-10-08T19:50:33+03:00" level=info msg="storage initializing..." func="main.main()" file="main.go : 30"
time="2022-10-08T19:50:33+03:00" level=info msg="repository initializing..." func="main.main()" file="main.go : 36"
time="2022-10-08T19:50:33+03:00" level=info msg="service initializing..." func="main.main()" file="main.go : 39"
time="2022-10-08T19:50:33+03:00" level=info msg="handler initializing..." func="main.main()" file="main.go : 42"
time="2022-10-08T19:50:33+03:00" level=info msg="running the server..." func="main.main()" file="main.go : 45"
time="2022-10-11T20:09:17+03:00" level=info msg="config initializing..." func="main.main()" file="main.go : 27"
time="2022-10-11T20:09:17+03:00" level=info msg="initializing .yml file" func="github.com/zh0vtyj/allincecup-server/internal/config.GetConfig.func1()" file="config.go : 50"
time="2022-10-11T20:09:17+03:00" level=info msg="initializing .env file" func="github.com/zh0vtyj/allincecup-server/internal/config.GetConfig.func1()" file="config.go : 56"
time="2022-10-11T20:09:17+03:00" level=info msg="storage initializing..." func="main.main()" file="main.go : 30"
time="2022-10-11T20:09:17+03:00" level=info msg="repository initializing..." func="main.main()" file="main.go : 36"
time="2022-10-11T20:09:17+03:00" level=info msg="service initializing..." func="main.main()" file="main.go : 39"
time="2022-10-11T20:09:17+03:00" level=info msg="handler initializing..." func="main.main()" file="main.go : 42"
time="2022-10-11T20:09:17+03:00" level=info msg="running the server..." func="main.main()" file="main.go : 45"
time="2022-10-12T14:33:52+03:00" level=info msg="config initializing..." func="main.main()" file="main.go : 27"
time="2022-10-12T14:33:52+03:00" level=info msg="initializing .yml file" func="github.com/zh0vtyj/allincecup-server/internal/config.GetConfig.func1()" file="config.go : 50"
time="2022-10-12T14:33:52+03:00" level=info msg="initializing .env file" func="github.com/zh0vtyj/allincecup-server/internal/config.GetConfig.func1()" file="config.go : 56"
time="2022-10-12T14:33:52+03:00" level=info msg="storage initializing..." func="main.main()" file="main.go : 30"
time="2022-10-12T14:33:52+03:00" level=info msg="repository initializing..." func="main.main()" file="main.go : 36"
time="2022-10-12T14:33:52+03:00" level=info msg="service initializing..." func="main.main()" file="main.go : 39"
time="2022-10-12T14:33:52+03:00" level=info msg="handler initializing..." func="main.main()" file="main.go : 42"
time="2022-10-12T14:33:52+03:00" level=info msg="running the server..." func="main.main()" file="main.go : 45"
time="2022-10-14T12:01:29+03:00" level=info msg="config initializing..." func="main.main()" file="main.go : 27"
time="2022-10-14T12:01:29+03:00" level=info msg="initializing .yml file" func="github.com/zh0vtyj/allincecup-server/internal/config.GetConfig.func1()" file="config.go : 50"
time="2022-10-14T12:01:29+03:00" level=info msg="initializing .env file" func="github.com/zh0vtyj/allincecup-server/internal/config.GetConfig.func1()" file="config.go : 56"
time="2022-10-14T12:01:29+03:00" level=info msg="storage initializing..." func="main.main()" file="main.go : 30"
time="2022-10-14T12:01:29+03:00" level=info msg="repository initializing..." func="main.main()" file="main.go : 36"
time="2022-10-14T12:01:29+03:00" level=info msg="service initializing..." func="main.main()" file="main.go : 39"
time="2022-10-14T12:01:29+03:00" level=info msg="handler initializing..." func="main.main()" file="main.go : 42"
time="2022-10-14T12:01:29+03:00" level=info msg="running the server..." func="main.main()" file="main.go : 45"
time="2022-10-14T12:22:05+03:00" level=info msg="config initializing..." func="main.main()" file="main.go : 27"
time="2022-10-14T12:22:05+03:00" level=info msg="initializing .yml file" func="github.com/zh0vtyj/allincecup-server/internal/config.GetConfig.func1()" file="config.go : 50"
time="2022-10-14T12:22:05+03:00" level=info msg="initializing .env file" func="github.com/zh0vtyj/allincecup-server/internal/config.GetConfig.func1()" file="config.go : 56"
time="2022-10-14T12:22:05+03:00" level=info msg="storage initializing..." func="main.main()" file="main.go : 30"
time="2022-10-14T12:22:05+03:00" level=info msg="repository initializing..." func="main.main()" file="main.go : 36"
time="2022-10-14T12:22:05+03:00" level=info msg="service initializing..." func="main.main()" file="main.go : 39"
time="2022-10-14T12:22:05+03:00" level=info msg="handler initializing..." func="main.main()" file="main.go : 42"
time="2022-10-14T12:22:05+03:00" level=info msg="running the server..." func="main.main()" file="main.go : 45"
time="2022-10-14T12:23:16+03:00" level=info msg="config initializing..." func="main.main()" file="main.go : 27"
time="2022-10-14T12:23:16+03:00" level=info msg="initializing .yml file" func="github.com/zh0vtyj/allincecup-server/internal/config.GetConfig.func1()" file="config.go : 50"
time="2022-10-14T12:23:16+03:00" level=info msg="initializing .env file" func="github.com/zh0vtyj/allincecup-server/internal/config.GetConfig.func1()" file="config.go : 56"
time="2022-10-14T12:23:16+03:00" level=info msg="storage initializing..." func="main.main()" file="main.go : 30"
time="2022-10-14T12:23:16+03:00" level=info msg="repository initializing..." func="main.main()" file="main.go : 36"
time="2022-10-14T12:23:16+03:00" level=info msg="service initializing..." func="main.main()" file="main.go : 39"
time="2022-10-14T12:23:16+03:00" level=info msg="handler initializing..." func="main.main()" file="main.go : 42"
time="2022-10-14T12:23:16+03:00" level=info msg="running the server..." func="main.main()" file="main.go : 45"
time="2022-10-14T12:26:22+03:00" level=info msg="config initializing..." func="main.main()" file="main.go : 27"
time="2022-10-14T12:26:22+03:00" level=info msg="initializing .yml file" func="github.com/zh0vtyj/allincecup-server/internal/config.GetConfig.func1()" file="config.go : 50"
time="2022-10-14T12:26:22+03:00" level=info msg="initializing .env file" func="github.com/zh0vtyj/allincecup-server/internal/config.GetConfig.func1()" file="config.go : 56"
time="2022-10-14T12:26:22+03:00" level=info msg="storage initializing..." func="main.main()" file="main.go : 30"
time="2022-10-14T12:26:22+03:00" level=info msg="repository initializing..." func="main.main()" file="main.go : 36"
time="2022-10-14T12:26:22+03:00" level=info msg="service initializing..." func="main.main()" file="main.go : 39"
time="2022-10-14T12:26:22+03:00" level=info msg="handler initializing..." func="main.main()" file="main.go : 42"
time="2022-10-14T12:26:22+03:00" level=info msg="running the server..." func="main.main()" file="main.go : 45"
time="2022-10-14T12:27:48+03:00" level=info msg="config initializing..." func="main.main()" file="main.go : 27"
time="2022-10-14T12:27:48+03:00" level=info msg="initializing .yml file" func="github.com/zh0vtyj/allincecup-server/internal/config.GetConfig.func1()" file="config.go : 50"
time="2022-10-14T12:27:48+03:00" level=info msg="initializing .env file" func="github.com/zh0vtyj/allincecup-server/internal/config.GetConfig.func1()" file="config.go : 56"
time="2022-10-14T12:27:48+03:00" level=info msg="storage initializing..." func="main.main()" file="main.go : 30"
time="2022-10-14T12:27:48+03:00" level=info msg="repository initializing..." func="main.main()" file="main.go : 36"
time="2022-10-14T12:27:48+03:00" level=info msg="service initializing..." func="main.main()" file="main.go : 39"
time="2022-10-14T12:27:48+03:00" level=info msg="handler initializing..." func="main.main()" file="main.go : 42"
time="2022-10-14T12:27:48+03:00" level=info msg="running the server..." func="main.main()" file="main.go : 45"
time="2022-10-14T13:23:04+03:00" level=info msg="config initializing..." func="main.main()" file="main.go : 27"
time="2022-10-14T13:23:04+03:00" level=info msg="initializing .yml file" func="github.com/zh0vtyj/allincecup-server/internal/config.GetConfig.func1()" file="config.go : 50"
time="2022-10-14T13:23:04+03:00" level=info msg="initializing .env file" func="github.com/zh0vtyj/allincecup-server/internal/config.GetConfig.func1()" file="config.go : 56"
time="2022-10-14T13:23:04+03:00" level=info msg="storage initializing..." func="main.main()" file="main.go : 30"
time="2022-10-14T13:23:04+03:00" level=info msg="repository initializing..." func="main.main()" file="main.go : 36"
time="2022-10-14T13:23:04+03:00" level=info msg="service initializing..." func="main.main()" file="main.go : 39"
time="2022-10-14T13:23:04+03:00" level=info msg="handler initializing..." func="main.main()" file="main.go : 42"
time="2022-10-14T13:23:04+03:00" level=info msg="running the server..." func="main.main()" file="main.go : 45"
time="2022-10-14T13:24:10+03:00" level=info msg="config initializing..." func="main.main()" file="main.go : 27"
time="2022-10-14T13:24:10+03:00" level=info msg="initializing .yml file" func="github.com/zh0vtyj/allincecup-server/internal/config.GetConfig.func1()" file="config.go : 50"
time="2022-10-14T13:24:10+03:00" level=info msg="initializing .env file" func="github.com/zh0vtyj/allincecup-server/internal/config.GetConfig.func1()" file="config.go : 56"
time="2022-10-14T13:24:10+03:00" level=info msg="storage initializing..." func="main.main()" file="main.go : 30"
time="2022-10-14T13:24:10+03:00" level=info msg="repository initializing..." func="main.main()" file="main.go : 36"
time="2022-10-14T13:24:10+03:00" level=info msg="service initializing..." func="main.main()" file="main.go : 39"
time="2022-10-14T13:24:10+03:00" level=info msg="handler initializing..." func="main.main()" file="main.go : 42"
time="2022-10-14T13:24:10+03:00" level=info msg="running the server..." func="main.main()" file="main.go : 45"
time="2022-10-14T13:33:10+03:00" level=info msg="config initializing..." func="main.main()" file="main.go : 27"
time="2022-10-14T13:33:10+03:00" level=info msg="initializing .yml file" func="github.com/zh0vtyj/allincecup-server/internal/config.GetConfig.func1()" file="config.go : 50"
time="2022-10-14T13:33:10+03:00" level=info msg="initializing .env file" func="github.com/zh0vtyj/allincecup-server/internal/config.GetConfig.func1()" file="config.go : 56"
time="2022-10-14T13:33:10+03:00" level=info msg="storage initializing..." func="main.main()" file="main.go : 30"
time="2022-10-14T13:33:10+03:00" level=info msg="repository initializing..." func="main.main()" file="main.go : 36"
time="2022-10-14T13:33:10+03:00" level=info msg="service initializing..." func="main.main()" file="main.go : 39"
time="2022-10-14T13:33:10+03:00" level=info msg="handler initializing..." func="main.main()" file="main.go : 42"
time="2022-10-14T13:33:10+03:00" level=info msg="running the server..." func="main.main()" file="main.go : 45"
time="2022-10-14T13:48:17+03:00" level=info msg="config initializing..." func="main.main()" file="main.go : 27"
time="2022-10-14T13:48:17+03:00" level=info msg="initializing .yml file" func="github.com/zh0vtyj/allincecup-server/internal/config.GetConfig.func1()" file="config.go : 50"
time="2022-10-14T13:48:17+03:00" level=info msg="initializing .env file" func="github.com/zh0vtyj/allincecup-server/internal/config.GetConfig.func1()" file="config.go : 56"
time="2022-10-14T13:48:17+03:00" level=info msg="storage initializing..." func="main.main()" file="main.go : 30"
time="2022-10-14T13:48:17+03:00" level=info msg="repository initializing..." func="main.main()" file="main.go : 36"
time="2022-10-14T13:48:17+03:00" level=info msg="service initializing..." func="main.main()" file="main.go : 39"
time="2022-10-14T13:48:17+03:00" level=info msg="handler initializing..." func="main.main()" file="main.go : 42"
time="2022-10-14T13:48:17+03:00" level=info msg="running the server..." func="main.main()" file="main.go : 45"
time="2022-10-14T14:52:28+03:00" level=info msg="config initializing..." func="main.main()" file="main.go : 27"
time="2022-10-14T14:52:28+03:00" level=info msg="initializing .yml file" func="github.com/zh0vtyj/allincecup-server/internal/config.GetConfig.func1()" file="config.go : 50"
time="2022-10-14T14:52:28+03:00" level=info msg="initializing .env file" func="github.com/zh0vtyj/allincecup-server/internal/config.GetConfig.func1()" file="config.go : 56"
time="2022-10-14T14:52:28+03:00" level=info msg="storage initializing..." func="main.main()" file="main.go : 30"
time="2022-10-14T14:52:28+03:00" level=info msg="repository initializing..." func="main.main()" file="main.go : 36"
time="2022-10-14T14:52:28+03:00" level=info msg="service initializing..." func="main.main()" file="main.go : 39"
time="2022-10-14T14:52:28+03:00" level=info msg="handler initializing..." func="main.main()" file="main.go : 42"
time="2022-10-14T14:52:28+03:00" level=info msg="running the server..." func="main.main()" file="main.go : 45"
time="2022-10-14T15:18:27+03:00" level=info msg="config initializing..." func="main.main()" file="main.go : 27"
time="2022-10-14T15:18:27+03:00" level=info msg="initializing .yml file" func="github.com/zh0vtyj/allincecup-server/internal/config.GetConfig.func1()" file="config.go : 50"
time="2022-10-14T15:18:27+03:00" level=info msg="initializing .env file" func="github.com/zh0vtyj/allincecup-server/internal/config.GetConfig.func1()" file="config.go : 56"
time="2022-10-14T15:18:27+03:00" level=info msg="storage initializing..." func="main.main()" file="main.go : 30"
time="2022-10-14T15:18:27+03:00" level=info msg="repository initializing..." func="main.main()" file="main.go : 36"
time="2022-10-14T15:18:27+03:00" level=info msg="service initializing..." func="main.main()" file="main.go : 39"
time="2022-10-14T15:18:27+03:00" level=info msg="handler initializing..." func="main.main()" file="main.go : 42"
time="2022-10-14T15:18:27+03:00" level=info msg="running the server..." func="main.main()" file="main.go : 45"
time="2022-10-14T15:22:58+03:00" level=info msg="config initializing..." func="main.main()" file="main.go : 27"
time="2022-10-14T15:22:58+03:00" level=info msg="initializing .yml file" func="github.com/zh0vtyj/allincecup-server/internal/config.GetConfig.func1()" file="config.go : 50"
time="2022-10-14T15:22:58+03:00" level=info msg="initializing .env file" func="github.com/zh0vtyj/allincecup-server/internal/config.GetConfig.func1()" file="config.go : 56"
time="2022-10-14T15:22:58+03:00" level=info msg="storage initializing..." func="main.main()" file="main.go : 30"
time="2022-10-14T15:22:58+03:00" level=info msg="repository initializing..." func="main.main()" file="main.go : 36"
time="2022-10-14T15:22:58+03:00" level=info msg="service initializing..." func="main.main()" file="main.go : 39"
time="2022-10-14T15:22:58+03:00" level=info msg="handler initializing..." func="main.main()" file="main.go : 42"
time="2022-10-14T15:22:58+03:00" level=info msg="running the server..." func="main.main()" file="main.go : 45"
time="2022-10-14T15:25:30+03:00" level=info msg="config initializing..." func="main.main()" file="main.go : 27"
time="2022-10-14T15:25:30+03:00" level=info msg="initializing .yml file" func="github.com/zh0vtyj/allincecup-server/internal/config.GetConfig.func1()" file="config.go : 50"
time="2022-10-14T15:25:30+03:00" level=info msg="initializing .env file" func="github.com/zh0vtyj/allincecup-server/internal/config.GetConfig.func1()" file="config.go : 56"
time="2022-10-14T15:25:30+03:00" level=info msg="storage initializing..." func="main.main()" file="main.go : 30"
time="2022-10-14T15:25:30+03:00" level=info msg="repository initializing..." func="main.main()" file="main.go : 36"
time="2022-10-14T15:25:30+03:00" level=info msg="service initializing..." func="main.main()" file="main.go : 39"
time="2022-10-14T15:25:30+03:00" level=info msg="handler initializing..." func="main.main()" file="main.go : 42"
time="2022-10-14T15:25:30+03:00" level=info msg="running the server..." func="main.main()" file="main.go : 45"
time="2022-10-14T15:27:39+03:00" level=info msg="config initializing..." func="main.main()" file="main.go : 27"
time="2022-10-14T15:27:39+03:00" level=info msg="initializing .yml file" func="github.com/zh0vtyj/allincecup-server/internal/config.GetConfig.func1()" file="config.go : 50"
time="2022-10-14T15:27:39+03:00" level=info msg="initializing .env file" func="github.com/zh0vtyj/allincecup-server/internal/config.GetConfig.func1()" file="config.go : 56"
time="2022-10-14T15:27:39+03:00" level=info msg="storage initializing..." func="main.main()" file="main.go : 30"
time="2022-10-14T15:27:39+03:00" level=info msg="repository initializing..." func="main.main()" file="main.go : 36"
time="2022-10-14T15:27:39+03:00" level=info msg="service initializing..." func="main.main()" file="main.go : 39"
time="2022-10-14T15:27:39+03:00" level=info msg="handler initializing..." func="main.main()" file="main.go : 42"
time="2022-10-14T15:27:39+03:00" level=info msg="running the server..." func="main.main()" file="main.go : 45"
time="2022-10-14T15:29:08+03:00" level=info msg="config initializing..." func="main.main()" file="main.go : 27"
time="2022-10-14T15:29:08+03:00" level=info msg="initializing .yml file" func="github.com/zh0vtyj/allincecup-server/internal/config.GetConfig.func1()" file="config.go : 50"
time="2022-10-14T15:29:08+03:00" level=info msg="initializing .env file" func="github.com/zh0vtyj/allincecup-server/internal/config.GetConfig.func1()" file="config.go : 56"
time="2022-10-14T15:29:08+03:00" level=info msg="storage initializing..." func="main.main()" file="main.go : 30"
time="2022-10-14T15:29:08+03:00" level=info msg="repository initializing..." func="main.main()" file="main.go : 36"
time="2022-10-14T15:29:08+03:00" level=info msg="service initializing..." func="main.main()" file="main.go : 39"
time="2022-10-14T15:29:08+03:00" level=info msg="handler initializing..." func="main.main()" file="main.go : 42"
time="2022-10-14T15:29:08+03:00" level=info msg="running the server..." func="main.main()" file="main.go : 45"
time="2022-10-14T15:30:26+03:00" level=info msg="config initializing..." func="main.main()" file="main.go : 27"
time="2022-10-14T15:30:26+03:00" level=info msg="initializing .yml file" func="github.com/zh0vtyj/allincecup-server/internal/config.GetConfig.func1()" file="config.go : 50"
time="2022-10-14T15:30:26+03:00" level=info msg="initializing .env file" func="github.com/zh0vtyj/allincecup-server/internal/config.GetConfig.func1()" file="config.go : 56"
time="2022-10-14T15:30:26+03:00" level=info msg="storage initializing..." func="main.main()" file="main.go : 30"
time="2022-10-14T15:30:26+03:00" level=info msg="repository initializing..." func="main.main()" file="main.go : 36"
time="2022-10-14T15:30:26+03:00" level=info msg="service initializing..." func="main.main()" file="main.go : 39"
time="2022-10-14T15:30:26+03:00" level=info msg="handler initializing..." func="main.main()" file="main.go : 42"
time="2022-10-14T15:30:26+03:00" level=info msg="running the server..." func="main.main()" file="main.go : 45"
time="2022-10-14T15:32:23+03:00" level=info msg="config initializing..." func="main.main()" file="main.go : 27"
time="2022-10-14T15:32:23+03:00" level=info msg="initializing .yml file" func="github.com/zh0vtyj/allincecup-server/internal/config.GetConfig.func1()" file="config.go : 50"
time="2022-10-14T15:32:23+03:00" level=info msg="initializing .env file" func="github.com/zh0vtyj/allincecup-server/internal/config.GetConfig.func1()" file="config.go : 56"
time="2022-10-14T15:32:23+03:00" level=info msg="storage initializing..." func="main.main()" file="main.go : 30"
time="2022-10-14T15:32:23+03:00" level=info msg="repository initializing..." func="main.main()" file="main.go : 36"
time="2022-10-14T15:32:23+03:00" level=info msg="service initializing..." func="main.main()" file="main.go : 39"
time="2022-10-14T15:32:23+03:00" level=info msg="handler initializing..." func="main.main()" file="main.go : 42"
time="2022-10-14T15:32:23+03:00" level=info msg="running the server..." func="main.main()" file="main.go : 45"
time="2022-10-14T15:33:35+03:00" level=info msg="config initializing..." func="main.main()" file="main.go : 27"
time="2022-10-14T15:33:35+03:00" level=info msg="initializing .yml file" func="github.com/zh0vtyj/allincecup-server/internal/config.GetConfig.func1()" file="config.go : 50"
time="2022-10-14T15:33:35+03:00" level=info msg="initializing .env file" func="github.com/zh0vtyj/allincecup-server/internal/config.GetConfig.func1()" file="config.go : 56"
time="2022-10-14T15:33:35+03:00" level=info msg="storage initializing..." func="main.main()" file="main.go : 30"
time="2022-10-14T15:33:35+03:00" level=info msg="repository initializing..." func="main.main()" file="main.go : 36"
time="2022-10-14T15:33:35+03:00" level=info msg="service initializing..." func="main.main()" file="main.go : 39"
time="2022-10-14T15:33:35+03:00" level=info msg="handler initializing..." func="main.main()" file="main.go : 42"
time="2022-10-14T15:33:35+03:00" level=info msg="running the server..." func="main.main()" file="main.go : 45"
time="2022-10-14T15:34:44+03:00" level=info msg="config initializing..." func="main.main()" file="main.go : 27"
time="2022-10-14T15:34:44+03:00" level=info msg="initializing .yml file" func="github.com/zh0vtyj/allincecup-server/internal/config.GetConfig.func1()" file="config.go : 50"
time="2022-10-14T15:34:44+03:00" level=info msg="initializing .env file" func="github.com/zh0vtyj/allincecup-server/internal/config.GetConfig.func1()" file="config.go : 56"
time="2022-10-14T15:34:44+03:00" level=info msg="storage initializing..." func="main.main()" file="main.go : 30"
time="2022-10-14T15:34:44+03:00" level=info msg="repository initializing..." func="main.main()" file="main.go : 36"
time="2022-10-14T15:34:44+03:00" level=info msg="service initializing..." func="main.main()" file="main.go : 39"
time="2022-10-14T15:34:44+03:00" level=info msg="handler initializing..." func="main.main()" file="main.go : 42"
time="2022-10-14T15:34:44+03:00" level=info msg="running the server..." func="main.main()" file="main.go : 45"
time="2022-10-14T15:35:02+03:00" level=info msg="config initializing..." func="main.main()" file="main.go : 27"
time="2022-10-14T15:35:02+03:00" level=info msg="initializing .yml file" func="github.com/zh0vtyj/allincecup-server/internal/config.GetConfig.func1()" file="config.go : 50"
time="2022-10-14T15:35:02+03:00" level=info msg="initializing .env file" func="github.com/zh0vtyj/allincecup-server/internal/config.GetConfig.func1()" file="config.go : 56"
time="2022-10-14T15:35:02+03:00" level=info msg="storage initializing..." func="main.main()" file="main.go : 30"
time="2022-10-14T15:35:02+03:00" level=info msg="repository initializing..." func="main.main()" file="main.go : 36"
time="2022-10-14T15:35:02+03:00" level=info msg="service initializing..." func="main.main()" file="main.go : 39"
time="2022-10-14T15:35:02+03:00" level=info msg="handler initializing..." func="main.main()" file="main.go : 42"
time="2022-10-14T15:35:02+03:00" level=info msg="running the server..." func="main.main()" file="main.go : 45"
time="2022-10-14T15:45:23+03:00" level=info msg="config initializing..." func="main.main()" file="main.go : 27"
time="2022-10-14T15:45:23+03:00" level=info msg="initializing .yml file" func="github.com/zh0vtyj/allincecup-server/internal/config.GetConfig.func1()" file="config.go : 50"
time="2022-10-14T15:45:23+03:00" level=info msg="initializing .env file" func="github.com/zh0vtyj/allincecup-server/internal/config.GetConfig.func1()" file="config.go : 56"
time="2022-10-14T15:45:23+03:00" level=info msg="storage initializing..." func="main.main()" file="main.go : 30"
time="2022-10-14T15:45:23+03:00" level=info msg="repository initializing..." func="main.main()" file="main.go : 36"
time="2022-10-14T15:45:23+03:00" level=info msg="service initializing..." func="main.main()" file="main.go : 39"
time="2022-10-14T15:45:23+03:00" level=info msg="handler initializing..." func="main.main()" file="main.go : 42"
time="2022-10-14T15:45:23+03:00" level=info msg="running the server..." func="main.main()" file="main.go : 45"
time="2022-10-14T15:47:12+03:00" level=info msg="config initializing..." func="main.main()" file="main.go : 27"
time="2022-10-14T15:47:12+03:00" level=info msg="initializing .yml file" func="github.com/zh0vtyj/allincecup-server/internal/config.GetConfig.func1()" file="config.go : 50"
time="2022-10-14T15:47:12+03:00" level=info msg="initializing .env file" func="github.com/zh0vtyj/allincecup-server/internal/config.GetConfig.func1()" file="config.go : 56"
time="2022-10-14T15:47:12+03:00" level=info msg="storage initializing..." func="main.main()" file="main.go : 30"
time="2022-10-14T15:47:12+03:00" level=info msg="repository initializing..." func="main.main()" file="main.go : 36"
time="2022-10-14T15:47:12+03:00" level=info msg="service initializing..." func="main.main()" file="main.go : 39"
time="2022-10-14T15:47:12+03:00" level=info msg="handler initializing..." func="main.main()" file="main.go : 42"
time="2022-10-14T15:47:12+03:00" level=info msg="running the server..." func="main.main()" file="main.go : 45"
time="2022-10-14T15:47:59+03:00" level=info msg="config initializing..." func="main.main()" file="main.go : 27"
time="2022-10-14T15:47:59+03:00" level=info msg="initializing .yml file" func="github.com/zh0vtyj/allincecup-server/internal/config.GetConfig.func1()" file="config.go : 50"
time="2022-10-14T15:47:59+03:00" level=info msg="initializing .env file" func="github.com/zh0vtyj/allincecup-server/internal/config.GetConfig.func1()" file="config.go : 56"
time="2022-10-14T15:47:59+03:00" level=info msg="storage initializing..." func="main.main()" file="main.go : 30"
time="2022-10-14T15:47:59+03:00" level=info msg="repository initializing..." func="main.main()" file="main.go : 36"
time="2022-10-14T15:47:59+03:00" level=info msg="service initializing..." func="main.main()" file="main.go : 39"
time="2022-10-14T15:47:59+03:00" level=info msg="handler initializing..." func="main.main()" file="main.go : 42"
time="2022-10-14T15:47:59+03:00" level=info msg="running the server..." func="main.main()" file="main.go : 45"
time="2022-10-14T15:51:49+03:00" level=info msg="config initializing..." func="main.main()" file="main.go : 27"
time="2022-10-14T15:51:49+03:00" level=info msg="initializing .yml file" func="github.com/zh0vtyj/allincecup-server/internal/config.GetConfig.func1()" file="config.go : 50"
time="2022-10-14T15:51:49+03:00" level=info msg="initializing .env file" func="github.com/zh0vtyj/allincecup-server/internal/config.GetConfig.func1()" file="config.go : 56"
time="2022-10-14T15:51:49+03:00" level=info msg="storage initializing..." func="main.main()" file="main.go : 30"
time="2022-10-14T15:51:49+03:00" level=info msg="repository initializing..." func="main.main()" file="main.go : 36"
time="2022-10-14T15:51:49+03:00" level=info msg="service initializing..." func="main.main()" file="main.go : 39"
time="2022-10-14T15:51:49+03:00" level=info msg="handler initializing..." func="main.main()" file="main.go : 42"
time="2022-10-14T15:51:49+03:00" level=info msg="running the server..." func="main.main()" file="main.go : 45"
